2025-11-06 14:43:24,146 [INFO] ✅ Saved: C:\tmp\downloads\guru_top_holdings.xls
2025-11-06 14:43:24,147 [INFO] 🔹 Reading Excel file...
2025-11-06 14:43:24,509 [INFO] ✅ File read successfully.
2025-11-06 14:43:24,509 [INFO] 🔹 Dropping first 4 columns (A–D)...
2025-11-06 14:43:24,510 [INFO] ✅ Columns dropped.
2025-11-06 14:43:24,510 [INFO] 🔹 Dropping first 5 rows (1–5)...
2025-11-06 14:43:24,510 [INFO] ✅ Rows dropped.
2025-11-06 14:43:24,510 [INFO] 🔹 Removing all text inside ( ) including brackets...
2025-11-06 14:43:24,515 [INFO] ✅ Brackets content removed.
2025-11-06 14:43:24,515 [INFO] 🔹 Replacing all 0.00 values with empty cells...
2025-11-06 14:43:24,517 [INFO] ✅ Zero values removed.
2025-11-06 14:43:24,517 [INFO] 🔹 Saving cleaned file...
2025-11-06 14:43:24,578 [INFO] ✅ Cleaned file saved: \tmp\downloads\guru_top_holdings_cleaned.xlsx
2025-11-06 14:43:24,747 [INFO] ✅ Filtered ADR file saved → downloads\tradingview_symbols_NYSE_NASDAQ.csv
2025-11-06 14:43:24,830 [INFO] ✅ Frequency saved → \tmp\downloads\list1_no_colon_frequency.xlsx
2025-11-06 14:43:24,891 [INFO] ✅ Frequency saved → \tmp\downloads\list2_with_colon_frequency.xlsx
2025-11-06 14:43:25,001 [INFO] ✅ Matched tickers saved → \tmp\downloads\list1_no_colon_adr_matched.xlsx
2025-11-06 14:43:25,078 [INFO] ✅ Matched tickers saved → \tmp\downloads\list2_with_colon_matched_filtered.xlsx
2025-11-06 14:43:25,078 [INFO] 🔹 Loading cleaned Excel file...
2025-11-06 14:43:25,117 [INFO] ✅ File loaded successfully.
2025-11-06 14:43:25,117 [INFO] 🔹 Replacing GOOG with GOOGL...
2025-11-06 14:43:25,118 [INFO] ✅ Replacement done for GOOG → GOOGL.
2025-11-06 14:43:25,119 [INFO] 🔹 Replacing BRK.A with BRK.B...
2025-11-06 14:43:25,119 [INFO] ✅ Replacement done for BRK.A → BRK.B.
2025-11-06 14:43:25,177 [INFO] ✅ Updated file saved: \tmp\downloads\list1_no_colon_adr_matched_rename.xlsx
2025-11-06 14:43:25,177 [INFO] 🔹 Loading cleaned Excel file...
2025-11-06 14:43:25,202 [INFO] ✅ File loaded successfully.
2025-11-06 14:43:25,202 [INFO] 🔹 Replacing GOOG with GOOGL...
2025-11-06 14:43:25,204 [INFO] ✅ Replacement done for GOOG → GOOGL.
2025-11-06 14:43:25,205 [INFO] 🔹 Replacing BRK.A with BRK.B...
2025-11-06 14:43:25,206 [INFO] ✅ Replacement done for BRK.A → BRK.B.
2025-11-06 14:43:25,222 [INFO] ✅ Updated file saved: \tmp\downloads\list2_with_colon_matched_filtered_rename.xlsx
2025-11-06 14:43:25,364 [INFO] ✅ Final merged list saved → \tmp\downloads\final_merged_list.xlsx
2025-11-06 14:43:25,399 [INFO] ✅ Repeated tickers saved → \tmp\downloads\tickers_repeated.csv
2025-11-06 14:43:25,400 [INFO] ✅ Single tickers saved → \tmp\downloads\tickers_single.csv
2025-11-06 14:43:25,403 [INFO] 📈 Creating portfolio 'Repeated Ticker' with 173 tickers...
2025-11-06 14:43:25,976 [INFO] Portfolio 'Repeated Ticker' creation response:
2025-11-06 14:43:25,993 [INFO] 📈 Creating portfolio 'Single Ticker' with 316 tickers...
2025-11-06 14:43:26,711 [INFO] Portfolio 'Single Ticker' creation response:
2025-11-06 14:43:26,711 [INFO] ✅ Portfolio IDs created: 300784, 300785, 296771
2025-11-06 14:43:41,272 [INFO] Downloading portfolio 300784 ...
2025-11-06 14:43:44,285 [INFO] Excluded 0 stocks with YTD=0 and 1Y=0.
2025-11-06 14:43:45,170 [INFO] ✅ Final analysis Excel with ranking saved to C:\tmp\Final_File\Repeated_Ticker_guru_portfolio.xlsx
2025-11-06 14:43:45,170 [INFO] Downloading portfolio 300785 ...
2025-11-06 14:43:48,382 [INFO] Excluded 4 stocks with YTD=0 and 1Y=0.
2025-11-06 14:43:49,749 [INFO] ✅ Final analysis Excel with ranking saved to C:\tmp\Final_File\Single_Ticker_guru_portfolio.xlsx
2025-11-06 14:43:49,749 [INFO] Downloading portfolio 296771 ...
2025-11-06 14:43:50,688 [INFO] Excluded 1 stocks with YTD=0 and 1Y=0.
2025-11-06 14:43:50,932 [INFO] ✅ Final analysis Excel with ranking saved to C:\tmp\Final_File\Main_guru_portfolio.xlsx
2025-11-06 14:43:53,152 [INFO] ✅ Final analysis Excel with ranking saved to C:\tmp\Final_File\Combined_guru_portfolio.xlsx
2025-11-06 14:43:53,153 [INFO] ✅ Combined portfolio saved → C:\tmp\Final_File\Combined_guru_portfolio.xlsx
2025-11-06 14:43:53,899 [INFO] ✅ Momentum Ranking Done. Wrote: \tmp\Final_File\Repeated_Portfolio_Momentum_Ranking.xlsx
2025-11-06 14:43:54,345 [INFO] ✅ Momentum Ranking Done. Wrote: \tmp\Final_File\Single_Portfolio_Momentum_Ranking.xlsx
2025-11-06 14:43:54,530 [INFO] ✅ Momentum Ranking Done. Wrote: \tmp\Final_File\Main_Portfolio_Momentum_Ranking.xlsx
2025-11-06 14:43:55,094 [INFO] ✅ Momentum Ranking Done. Wrote: \tmp\Final_File\Combined_Portfolio_Momentum_Ranking.xlsx
